<?xml version="1.0" encoding="UTF-8"?>
<testsuite name="ApplicationTest" tests="1" skipped="0" failures="0" errors="0" timestamp="2022-07-26T15:32:40" hostname="DESKTOP-RMP7HGG" time="0.024">
  <properties/>
  <testcase name="sumOfUniqueNumbers()" classname="ApplicationTest" time="0.024"/>
  <system-out><![CDATA[]]></system-out>
  <system-err><![CDATA[]]></system-err>
</testsuite>
