<?xml version="1.0" encoding="UTF-8"?>
<testsuite name="ApplicationTest" tests="2" skipped="0" failures="0" errors="0" timestamp="2022-07-26T15:39:51" hostname="DESKTOP-RMP7HGG" time="0.029">
  <properties/>
  <testcase name="checkIfSumEqualsZeroIfTabIsEmpty()" classname="ApplicationTest" time="0.027"/>
  <testcase name="sumOfUniqueNumbers()" classname="ApplicationTest" time="0.001"/>
  <system-out><![CDATA[]]></system-out>
  <system-err><![CDATA[]]></system-err>
</testsuite>
