<?xml version="1.0" encoding="UTF-8"?>
<testsuite name="ApplicationTest" tests="3" skipped="0" failures="0" errors="0" timestamp="2022-07-08T08:01:38" hostname="DESKTOP-RMP7HGG" time="0.032">
  <properties/>
  <testcase name="newTabBiggerThanOldTab()" classname="ApplicationTest" time="0.027"/>
  <testcase name="newTabSmallerThanOldTab()" classname="ApplicationTest" time="0.001"/>
  <testcase name="newTabEqualsOldTab()" classname="ApplicationTest" time="0.001"/>
  <system-out><![CDATA[]]></system-out>
  <system-err><![CDATA[]]></system-err>
</testsuite>
