<?xml version="1.0" encoding="UTF-8"?>
<testsuite name="ApplicationTest" tests="1" skipped="0" failures="0" errors="0" timestamp="2022-07-26T15:41:50" hostname="DESKTOP-RMP7HGG" time="0.022">
  <properties/>
  <testcase name="checkIfSumOfTabWithOnlyDuplicatesEqualsZero()" classname="ApplicationTest" time="0.022"/>
  <system-out><![CDATA[]]></system-out>
  <system-err><![CDATA[]]></system-err>
</testsuite>
